# JRE version: Java(TM) SE Runtime Environment (8.0_25-b17) (build 1.8.0_25-b17)
# Java VM: Java HotSpot(TM) 64-Bit Server VM (25.25-b02 mixed mode bsd-amd64 compressed oops)
Heap:
 PSYoungGen      total 95232K, used 74297K [0x000000076ab00000, 0x0000000775300000, 0x00000007c0000000)
  eden space 52224K, 59% used [0x000000076ab00000,0x000000076c990160,0x000000076de00000)
  from space 43008K, 99% used [0x0000000771380000,0x0000000773d7e3c8,0x0000000773d80000)
  to   space 54784K, 0% used [0x000000076de00000,0x000000076de00000,0x0000000771380000)
 ParOldGen       total 175104K, used 67197K [0x00000006c0000000, 0x00000006cab00000, 0x000000076ab00000)
  object space 175104K, 38% used [0x00000006c0000000,0x00000006c419f5e8,0x00000006cab00000)
 Metaspace       used 15480K, capacity 16048K, committed 16384K, reserved 1062912K
  class space    used 2063K, capacity 2209K, committed 2304K, reserved 1048576K
GC Heap History (10 events):
Event: 2.639 GC heap before
{Heap before GC invocations=2 (full 0):
 PSYoungGen      total 76288K, used 71809K [0x000000076ab00000, 0x0000000770000000, 0x00000007c0000000)
  eden space 65536K, 99% used [0x000000076ab00000,0x000000076eae45f0,0x000000076eb00000)
  from space 10752K, 59% used [0x000000076eb00000,0x000000076f13c060,0x000000076f580000)
  to   space 10752K, 0% used [0x000000076f580000,0x000000076f580000,0x0000000770000000)
 ParOldGen       total 175104K, used 16K [0x00000006c0000000, 0x00000006cab00000, 0x000000076ab00000)
  object space 175104K, 0% used [0x00000006c0000000,0x00000006c0004000,0x00000006cab00000)
 Metaspace       used 12937K, capacity 13368K, committed 13696K, reserved 1060864K
  class space    used 1722K, capacity 1813K, committed 1920K, reserved 1048576K
Event: 2.652 GC heap after
Heap after GC invocations=2 (full 0):
 PSYoungGen      total 76288K, used 10733K [0x000000076ab00000, 0x0000000770000000, 0x00000007c0000000)
  eden space 65536K, 0% used [0x000000076ab00000,0x000000076ab00000,0x000000076eb00000)
  from space 10752K, 99% used [0x000000076f580000,0x000000076fffb688,0x0000000770000000)
  to   space 10752K, 0% used [0x000000076eb00000,0x000000076eb00000,0x000000076f580000)
 ParOldGen       total 175104K, used 9536K [0x00000006c0000000, 0x00000006cab00000, 0x000000076ab00000)
  object space 175104K, 5% used [0x00000006c0000000,0x00000006c0950010,0x00000006cab00000)
 Metaspace       used 12937K, capacity 13368K, committed 13696K, reserved 1060864K
  class space    used 1722K, capacity 1813K, committed 1920K, reserved 1048576K
}
Event: 5.532 GC heap before
{Heap before GC invocations=3 (full 0):
 PSYoungGen      total 76288K, used 76269K [0x000000076ab00000, 0x0000000770000000, 0x00000007c0000000)
  eden space 65536K, 100% used [0x000000076ab00000,0x000000076eb00000,0x000000076eb00000)
  from space 10752K, 99% used [0x000000076f580000,0x000000076fffb688,0x0000000770000000)
  to   space 10752K, 0% used [0x000000076eb00000,0x000000076eb00000,0x000000076f580000)
 ParOldGen       total 175104K, used 9536K [0x00000006c0000000, 0x00000006cab00000, 0x000000076ab00000)
  object space 175104K, 5% used [0x00000006c0000000,0x00000006c0950010,0x00000006cab00000)
 Metaspace       used 13047K, capacity 13496K, committed 13696K, reserved 1060864K
  class space    used 1722K, capacity 1813K, committed 1920K, reserved 1048576K
Event: 5.543 GC heap after
Heap after GC invocations=3 (full 0):
 PSYoungGen      total 76288K, used 10721K [0x000000076ab00000, 0x0000000770000000, 0x00000007c0000000)
  eden space 65536K, 0% used [0x000000076ab00000,0x000000076ab00000,0x000000076eb00000)
  from space 10752K, 99% used [0x000000076eb00000,0x000000076f578778,0x000000076f580000)
  to   space 10752K, 0% used [0x000000076f580000,0x000000076f580000,0x0000000770000000)
 ParOldGen       total 175104K, used 19671K [0x00000006c0000000, 0x00000006cab00000, 0x000000076ab00000)
  object space 175104K, 11% used [0x00000006c0000000,0x00000006c1335fe0,0x00000006cab00000)
 Metaspace       used 13047K, capacity 13496K, committed 13696K, reserved 1060864K
  class space    used 1722K, capacity 1813K, committed 1920K, reserved 1048576K
}
Event: 7.173 GC heap before
{Heap before GC invocations=4 (full 0):
 PSYoungGen      total 76288K, used 76257K [0x000000076ab00000, 0x0000000770000000, 0x00000007c0000000)
  eden space 65536K, 100% used [0x000000076ab00000,0x000000076eb00000,0x000000076eb00000)
  from space 10752K, 99% used [0x000000076eb00000,0x000000076f578778,0x000000076f580000)
  to   space 10752K, 0% used [0x000000076f580000,0x000000076f580000,0x0000000770000000)
 ParOldGen       total 175104K, used 19671K [0x00000006c0000000, 0x00000006cab00000, 0x000000076ab00000)
  object space 175104K, 11% used [0x00000006c0000000,0x00000006c1335fe0,0x00000006cab00000)
 Metaspace       used 15010K, capacity 15438K, committed 15744K, reserved 1062912K
  class space    used 2015K, capacity 2114K, committed 2176K, reserved 1048576K
Event: 7.190 GC heap after
Heap after GC invocations=4 (full 0):
 PSYoungGen      total 76288K, used 10742K [0x000000076ab00000, 0x0000000770000000, 0x00000007c0000000)
  eden space 65536K, 0% used [0x000000076ab00000,0x000000076ab00000,0x000000076eb00000)
  from space 10752K, 99% used [0x000000076f580000,0x000000076fffd828,0x0000000770000000)
  to   space 10752K, 0% used [0x000000076eb00000,0x000000076eb00000,0x000000076f580000)
 ParOldGen       total 175104K, used 36108K [0x00000006c0000000, 0x00000006cab00000, 0x000000076ab00000)
  object space 175104K, 20% used [0x00000006c0000000,0x00000006c2343308,0x00000006cab00000)
 Metaspace       used 15010K, capacity 15438K, committed 15744K, reserved 1062912K
  class space    used 2015K, capacity 2114K, committed 2176K, reserved 1048576K
}
Event: 9.731 GC heap before
{Heap before GC invocations=5 (full 0):
 PSYoungGen      total 76288K, used 76278K [0x000000076ab00000, 0x0000000770000000, 0x00000007c0000000)
  eden space 65536K, 100% used [0x000000076ab00000,0x000000076eb00000,0x000000076eb00000)
  from space 10752K, 99% used [0x000000076f580000,0x000000076fffd828,0x0000000770000000)
  to   space 10752K, 0% used [0x000000076eb00000,0x000000076eb00000,0x000000076f580000)
 ParOldGen       total 175104K, used 36108K [0x00000006c0000000, 0x00000006cab00000, 0x000000076ab00000)
  object space 175104K, 20% used [0x00000006c0000000,0x00000006c2343308,0x00000006cab00000)
 Metaspace       used 15399K, capacity 16028K, committed 16128K, reserved 1062912K
  class space    used 2058K, capacity 2207K, committed 2304K, reserved 1048576K
Event: 9.754 GC heap after
Heap after GC invocations=5 (full 0):
 PSYoungGen      total 74752K, used 10750K [0x000000076ab00000, 0x0000000773d80000, 0x00000007c0000000)
  eden space 64000K, 0% used [0x000000076ab00000,0x000000076ab00000,0x000000076e980000)
  from space 10752K, 99% used [0x000000076eb00000,0x000000076f57f990,0x000000076f580000)
  to   space 43008K, 0% used [0x0000000771380000,0x0000000771380000,0x0000000773d80000)
 ParOldGen       total 175104K, used 61257K [0x00000006c0000000, 0x00000006cab00000, 0x000000076ab00000)
  object space 175104K, 34% used [0x00000006c0000000,0x00000006c3bd2700,0x00000006cab00000)
 Metaspace       used 15399K, capacity 16028K, committed 16128K, reserved 1062912K
  class space    used 2058K, capacity 2207K, committed 2304K, reserved 1048576K
}
Event: 12.943 GC heap before
{Heap before GC invocations=6 (full 0):
 PSYoungGen      total 74752K, used 72325K [0x000000076ab00000, 0x0000000773d80000, 0x00000007c0000000)
  eden space 64000K, 96% used [0x000000076ab00000,0x000000076e721b50,0x000000076e980000)
  from space 10752K, 99% used [0x000000076eb00000,0x000000076f57f990,0x000000076f580000)
  to   space 43008K, 0% used [0x0000000771380000,0x0000000771380000,0x0000000773d80000)
 ParOldGen       total 175104K, used 61257K [0x00000006c0000000, 0x00000006cab00000, 0x000000076ab00000)
  object space 175104K, 34% used [0x00000006c0000000,0x00000006c3bd2700,0x00000006cab00000)
 Metaspace       used 15458K, capacity 16032K, committed 16384K, reserved 1062912K
  class space    used 2060K, capacity 2207K, committed 2304K, reserved 1048576K
Event: 12.976 GC heap after
Heap after GC invocations=6 (full 0):
 PSYoungGen      total 95232K, used 43000K [0x000000076ab00000, 0x0000000775300000, 0x00000007c0000000)
  eden space 52224K, 0% used [0x000000076ab00000,0x000000076ab00000,0x000000076de00000)
  from space 43008K, 99% used [0x0000000771380000,0x0000000773d7e3c8,0x0000000773d80000)
  to   space 54784K, 0% used [0x000000076de00000,0x000000076de00000,0x0000000771380000)
 ParOldGen       total 175104K, used 67197K [0x00000006c0000000, 0x00000006cab00000, 0x000000076ab00000)
  object space 175104K, 38% used [0x00000006c0000000,0x00000006c419f5e8,0x00000006cab00000)
 Metaspace       used 15458K, capacity 16032K, committed 16384K, reserved 1062912K
  class space    used 2060K, capacity 2207K, committed 2304K, reserved 1048576K
}

