# JRE version: Java(TM) SE Runtime Environment (8.0_25-b17) (build 1.8.0_25-b17)
# Java VM: Java HotSpot(TM) 64-Bit Server VM (25.25-b02 mixed mode bsd-amd64 compressed oops)
Heap:
 PSYoungGen      total 141824K, used 135028K [0x000000076ab00000, 0x0000000781c00000, 0x00000007c0000000)
  eden space 131072K, 94% used [0x000000076ab00000,0x000000077245f198,0x0000000772b00000)
  from space 10752K, 99% used [0x0000000772b00000,0x000000077357e090,0x0000000773580000)
  to   space 57856K, 0% used [0x000000077e380000,0x000000077e380000,0x0000000781c00000)
 ParOldGen       total 175104K, used 75225K [0x00000006c0000000, 0x00000006cab00000, 0x000000076ab00000)
  object space 175104K, 42% used [0x00000006c0000000,0x00000006c4976760,0x00000006cab00000)
 Metaspace       used 14120K, capacity 14740K, committed 14848K, reserved 1062912K
  class space    used 1829K, capacity 1973K, committed 2048K, reserved 1048576K
GC Heap History (10 events):
Event: 1.353 GC heap before
{Heap before GC invocations=1 (full 0):
 PSYoungGen      total 76288K, used 65536K [0x000000076ab00000, 0x0000000770000000, 0x00000007c0000000)
  eden space 65536K, 100% used [0x000000076ab00000,0x000000076eb00000,0x000000076eb00000)
  from space 10752K, 0% used [0x000000076f580000,0x000000076f580000,0x0000000770000000)
  to   space 10752K, 0% used [0x000000076eb00000,0x000000076eb00000,0x000000076f580000)
 ParOldGen       total 175104K, used 0K [0x00000006c0000000, 0x00000006cab00000, 0x000000076ab00000)
  object space 175104K, 0% used [0x00000006c0000000,0x00000006c0000000,0x00000006cab00000)
 Metaspace       used 10746K, capacity 11148K, committed 11392K, reserved 1058816K
  class space    used 1434K, capacity 1549K, committed 1664K, reserved 1048576K
Event: 1.361 GC heap after
Heap after GC invocations=1 (full 0):
 PSYoungGen      total 76288K, used 6432K [0x000000076ab00000, 0x0000000770000000, 0x00000007c0000000)
  eden space 65536K, 0% used [0x000000076ab00000,0x000000076ab00000,0x000000076eb00000)
  from space 10752K, 59% used [0x000000076eb00000,0x000000076f148050,0x000000076f580000)
  to   space 10752K, 0% used [0x000000076f580000,0x000000076f580000,0x0000000770000000)
 ParOldGen       total 175104K, used 16K [0x00000006c0000000, 0x00000006cab00000, 0x000000076ab00000)
  object space 175104K, 0% used [0x00000006c0000000,0x00000006c0004000,0x00000006cab00000)
 Metaspace       used 10746K, capacity 11148K, committed 11392K, reserved 1058816K
  class space    used 1434K, capacity 1549K, committed 1664K, reserved 1048576K
}
Event: 1.549 GC heap before
{Heap before GC invocations=2 (full 0):
 PSYoungGen      total 76288K, used 71968K [0x000000076ab00000, 0x0000000770000000, 0x00000007c0000000)
  eden space 65536K, 100% used [0x000000076ab00000,0x000000076eb00000,0x000000076eb00000)
  from space 10752K, 59% used [0x000000076eb00000,0x000000076f148050,0x000000076f580000)
  to   space 10752K, 0% used [0x000000076f580000,0x000000076f580000,0x0000000770000000)
 ParOldGen       total 175104K, used 16K [0x00000006c0000000, 0x00000006cab00000, 0x000000076ab00000)
  object space 175104K, 0% used [0x00000006c0000000,0x00000006c0004000,0x00000006cab00000)
 Metaspace       used 12069K, capacity 12504K, committed 12800K, reserved 1060864K
  class space    used 1627K, capacity 1743K, committed 1792K, reserved 1048576K
Event: 1.560 GC heap after
Heap after GC invocations=2 (full 0):
 PSYoungGen      total 76288K, used 8610K [0x000000076ab00000, 0x0000000774000000, 0x00000007c0000000)
  eden space 65536K, 0% used [0x000000076ab00000,0x000000076ab00000,0x000000076eb00000)
  from space 10752K, 80% used [0x000000076f580000,0x000000076fde8818,0x0000000770000000)
  to   space 10752K, 0% used [0x000000076eb00000,0x000000076eb00000,0x000000076f580000)
 ParOldGen       total 175104K, used 88K [0x00000006c0000000, 0x00000006cab00000, 0x000000076ab00000)
  object space 175104K, 0% used [0x00000006c0000000,0x00000006c0016010,0x00000006cab00000)
 Metaspace       used 12069K, capacity 12504K, committed 12800K, reserved 1060864K
  class space    used 1627K, capacity 1743K, committed 1792K, reserved 1048576K
}
Event: 2.839 GC heap before
{Heap before GC invocations=3 (full 0):
 PSYoungGen      total 76288K, used 74146K [0x000000076ab00000, 0x0000000774000000, 0x00000007c0000000)
  eden space 65536K, 100% used [0x000000076ab00000,0x000000076eb00000,0x000000076eb00000)
  from space 10752K, 80% used [0x000000076f580000,0x000000076fde8818,0x0000000770000000)
  to   space 10752K, 0% used [0x000000076eb00000,0x000000076eb00000,0x000000076f580000)
 ParOldGen       total 175104K, used 88K [0x00000006c0000000, 0x00000006cab00000, 0x000000076ab00000)
  object space 175104K, 0% used [0x00000006c0000000,0x00000006c0016010,0x00000006cab00000)
 Metaspace       used 13483K, capacity 13936K, committed 14208K, reserved 1060864K
  class space    used 1765K, capacity 1877K, committed 1920K, reserved 1048576K
Event: 2.856 GC heap after
Heap after GC invocations=3 (full 0):
 PSYoungGen      total 76288K, used 10739K [0x000000076ab00000, 0x0000000774000000, 0x00000007c0000000)
  eden space 65536K, 0% used [0x000000076ab00000,0x000000076ab00000,0x000000076eb00000)
  from space 10752K, 99% used [0x000000076eb00000,0x000000076f57cfe8,0x000000076f580000)
  to   space 10752K, 0% used [0x0000000773580000,0x0000000773580000,0x0000000774000000)
 ParOldGen       total 175104K, used 13646K [0x00000006c0000000, 0x00000006cab00000, 0x000000076ab00000)
  object space 175104K, 7% used [0x00000006c0000000,0x00000006c0d53868,0x00000006cab00000)
 Metaspace       used 13483K, capacity 13936K, committed 14208K, reserved 1060864K
  class space    used 1765K, capacity 1877K, committed 1920K, reserved 1048576K
}
Event: 3.441 GC heap before
{Heap before GC invocations=4 (full 0):
 PSYoungGen      total 76288K, used 76265K [0x000000076ab00000, 0x0000000774000000, 0x00000007c0000000)
  eden space 65536K, 99% used [0x000000076ab00000,0x000000076eafd790,0x000000076eb00000)
  from space 10752K, 99% used [0x000000076eb00000,0x000000076f57cfe8,0x000000076f580000)
  to   space 10752K, 0% used [0x0000000773580000,0x0000000773580000,0x0000000774000000)
 ParOldGen       total 175104K, used 13646K [0x00000006c0000000, 0x00000006cab00000, 0x000000076ab00000)
  object space 175104K, 7% used [0x00000006c0000000,0x00000006c0d53868,0x00000006cab00000)
 Metaspace       used 13884K, capacity 14436K, committed 14592K, reserved 1062912K
  class space    used 1813K, capacity 1939K, committed 2048K, reserved 1048576K
Event: 3.461 GC heap after
Heap after GC invocations=4 (full 0):
 PSYoungGen      total 141824K, used 10745K [0x000000076ab00000, 0x0000000774000000, 0x00000007c0000000)
  eden space 131072K, 0% used [0x000000076ab00000,0x000000076ab00000,0x0000000772b00000)
  from space 10752K, 99% used [0x0000000773580000,0x0000000773ffe478,0x0000000774000000)
  to   space 10752K, 0% used [0x0000000772b00000,0x0000000772b00000,0x0000000773580000)
 ParOldGen       total 175104K, used 27006K [0x00000006c0000000, 0x00000006cab00000, 0x000000076ab00000)
  object space 175104K, 15% used [0x00000006c0000000,0x00000006c1a5f908,0x00000006cab00000)
 Metaspace       used 13884K, capacity 14436K, committed 14592K, reserved 1062912K
  class space    used 1813K, capacity 1939K, committed 2048K, reserved 1048576K
}
Event: 5.788 GC heap before
{Heap before GC invocations=5 (full 0):
 PSYoungGen      total 141824K, used 141790K [0x000000076ab00000, 0x0000000774000000, 0x00000007c0000000)
  eden space 131072K, 99% used [0x000000076ab00000,0x0000000772af93e8,0x0000000772b00000)
  from space 10752K, 99% used [0x0000000773580000,0x0000000773ffe478,0x0000000774000000)
  to   space 10752K, 0% used [0x0000000772b00000,0x0000000772b00000,0x0000000773580000)
 ParOldGen       total 175104K, used 27006K [0x00000006c0000000, 0x00000006cab00000, 0x000000076ab00000)
  object space 175104K, 15% used [0x00000006c0000000,0x00000006c1a5f908,0x00000006cab00000)
 Metaspace       used 13936K, capacity 14500K, committed 14848K, reserved 1062912K
  class space    used 1813K, capacity 1939K, committed 2048K, reserved 1048576K
Event: 5.826 GC heap after
Heap after GC invocations=5 (full 0):
 PSYoungGen      total 141824K, used 10744K [0x000000076ab00000, 0x0000000781c00000, 0x00000007c0000000)
  eden space 131072K, 0% used [0x000000076ab00000,0x000000076ab00000,0x0000000772b00000)
  from space 10752K, 99% used [0x0000000772b00000,0x000000077357e090,0x0000000773580000)
  to   space 57856K, 0% used [0x000000077e380000,0x000000077e380000,0x0000000781c00000)
 ParOldGen       total 175104K, used 75225K [0x00000006c0000000, 0x00000006cab00000, 0x000000076ab00000)
  object space 175104K, 42% used [0x00000006c0000000,0x00000006c4976760,0x00000006cab00000)
 Metaspace       used 13936K, capacity 14500K, committed 14848K, reserved 1062912K
  class space    used 1813K, capacity 1939K, committed 2048K, reserved 1048576K
}

