# JRE version: Java(TM) SE Runtime Environment (8.0_25-b17) (build 1.8.0_25-b17)
# Java VM: Java HotSpot(TM) 64-Bit Server VM (25.25-b02 mixed mode bsd-amd64 compressed oops)
Heap:
 PSYoungGen      total 74752K, used 64708K [0x000000076ab00000, 0x0000000774980000, 0x00000007c0000000)
  eden space 64000K, 84% used [0x000000076ab00000,0x000000076dfb2b50,0x000000076e980000)
  from space 10752K, 99% used [0x000000076eb00000,0x000000076f57e740,0x000000076f580000)
  to   space 49152K, 0% used [0x0000000771980000,0x0000000771980000,0x0000000774980000)
 ParOldGen       total 175104K, used 68821K [0x00000006c0000000, 0x00000006cab00000, 0x000000076ab00000)
  object space 175104K, 39% used [0x00000006c0000000,0x00000006c4335538,0x00000006cab00000)
 Metaspace       used 15396K, capacity 15886K, committed 16000K, reserved 1062912K
  class space    used 2027K, capacity 2124K, committed 2176K, reserved 1048576K
GC Heap History (10 events):
Event: 2.774 GC heap before
{Heap before GC invocations=1 (full 0):
 PSYoungGen      total 76288K, used 65536K [0x000000076ab00000, 0x0000000770000000, 0x00000007c0000000)
  eden space 65536K, 100% used [0x000000076ab00000,0x000000076eb00000,0x000000076eb00000)
  from space 10752K, 0% used [0x000000076f580000,0x000000076f580000,0x0000000770000000)
  to   space 10752K, 0% used [0x000000076eb00000,0x000000076eb00000,0x000000076f580000)
 ParOldGen       total 175104K, used 0K [0x00000006c0000000, 0x00000006cab00000, 0x000000076ab00000)
  object space 175104K, 0% used [0x00000006c0000000,0x00000006c0000000,0x00000006cab00000)
 Metaspace       used 10871K, capacity 11340K, committed 11648K, reserved 1058816K
  class space    used 1434K, capacity 1549K, committed 1664K, reserved 1048576K
Event: 2.780 GC heap after
Heap after GC invocations=1 (full 0):
 PSYoungGen      total 76288K, used 6096K [0x000000076ab00000, 0x0000000770000000, 0x00000007c0000000)
  eden space 65536K, 0% used [0x000000076ab00000,0x000000076ab00000,0x000000076eb00000)
  from space 10752K, 56% used [0x000000076eb00000,0x000000076f0f4060,0x000000076f580000)
  to   space 10752K, 0% used [0x000000076f580000,0x000000076f580000,0x0000000770000000)
 ParOldGen       total 175104K, used 16K [0x00000006c0000000, 0x00000006cab00000, 0x000000076ab00000)
  object space 175104K, 0% used [0x00000006c0000000,0x00000006c0004000,0x00000006cab00000)
 Metaspace       used 10871K, capacity 11340K, committed 11648K, reserved 1058816K
  class space    used 1434K, capacity 1549K, committed 1664K, reserved 1048576K
}
Event: 4.052 GC heap before
{Heap before GC invocations=2 (full 0):
 PSYoungGen      total 76288K, used 71632K [0x000000076ab00000, 0x0000000770000000, 0x00000007c0000000)
  eden space 65536K, 100% used [0x000000076ab00000,0x000000076eb00000,0x000000076eb00000)
  from space 10752K, 56% used [0x000000076eb00000,0x000000076f0f4060,0x000000076f580000)
  to   space 10752K, 0% used [0x000000076f580000,0x000000076f580000,0x0000000770000000)
 ParOldGen       total 175104K, used 16K [0x00000006c0000000, 0x00000006cab00000, 0x000000076ab00000)
  object space 175104K, 0% used [0x00000006c0000000,0x00000006c0004000,0x00000006cab00000)
 Metaspace       used 12950K, capacity 13364K, committed 13696K, reserved 1060864K
  class space    used 1716K, capacity 1813K, committed 1920K, reserved 1048576K
Event: 4.064 GC heap after
Heap after GC invocations=2 (full 0):
 PSYoungGen      total 76288K, used 10733K [0x000000076ab00000, 0x0000000770000000, 0x00000007c0000000)
  eden space 65536K, 0% used [0x000000076ab00000,0x000000076ab00000,0x000000076eb00000)
  from space 10752K, 99% used [0x000000076f580000,0x000000076fffb698,0x0000000770000000)
  to   space 10752K, 0% used [0x000000076eb00000,0x000000076eb00000,0x000000076f580000)
 ParOldGen       total 175104K, used 7330K [0x00000006c0000000, 0x00000006cab00000, 0x000000076ab00000)
  object space 175104K, 4% used [0x00000006c0000000,0x00000006c0728b08,0x00000006cab00000)
 Metaspace       used 12950K, capacity 13364K, committed 13696K, reserved 1060864K
  class space    used 1716K, capacity 1813K, committed 1920K, reserved 1048576K
}
Event: 7.096 GC heap before
{Heap before GC invocations=3 (full 0):
 PSYoungGen      total 76288K, used 76269K [0x000000076ab00000, 0x0000000770000000, 0x00000007c0000000)
  eden space 65536K, 100% used [0x000000076ab00000,0x000000076eb00000,0x000000076eb00000)
  from space 10752K, 99% used [0x000000076f580000,0x000000076fffb698,0x0000000770000000)
  to   space 10752K, 0% used [0x000000076eb00000,0x000000076eb00000,0x000000076f580000)
 ParOldGen       total 175104K, used 7330K [0x00000006c0000000, 0x00000006cab00000, 0x000000076ab00000)
  object space 175104K, 4% used [0x00000006c0000000,0x00000006c0728b08,0x00000006cab00000)
 Metaspace       used 13061K, capacity 13492K, committed 13696K, reserved 1060864K
  class space    used 1716K, capacity 1813K, committed 1920K, reserved 1048576K
Event: 7.105 GC heap after
Heap after GC invocations=3 (full 0):
 PSYoungGen      total 76288K, used 10748K [0x000000076ab00000, 0x0000000770000000, 0x00000007c0000000)
  eden space 65536K, 0% used [0x000000076ab00000,0x000000076ab00000,0x000000076eb00000)
  from space 10752K, 99% used [0x000000076eb00000,0x000000076f57f128,0x000000076f580000)
  to   space 10752K, 0% used [0x000000076f580000,0x000000076f580000,0x0000000770000000)
 ParOldGen       total 175104K, used 17493K [0x00000006c0000000, 0x00000006cab00000, 0x000000076ab00000)
  object space 175104K, 9% used [0x00000006c0000000,0x00000006c1115558,0x00000006cab00000)
 Metaspace       used 13061K, capacity 13492K, committed 13696K, reserved 1060864K
  class space    used 1716K, capacity 1813K, committed 1920K, reserved 1048576K
}
Event: 62.787 GC heap before
{Heap before GC invocations=4 (full 0):
 PSYoungGen      total 76288K, used 76284K [0x000000076ab00000, 0x0000000770000000, 0x00000007c0000000)
  eden space 65536K, 99% used [0x000000076ab00000,0x000000076eafffb0,0x000000076eb00000)
  from space 10752K, 99% used [0x000000076eb00000,0x000000076f57f128,0x000000076f580000)
  to   space 10752K, 0% used [0x000000076f580000,0x000000076f580000,0x0000000770000000)
 ParOldGen       total 175104K, used 17493K [0x00000006c0000000, 0x00000006cab00000, 0x000000076ab00000)
  object space 175104K, 9% used [0x00000006c0000000,0x00000006c1115558,0x00000006cab00000)
 Metaspace       used 15078K, capacity 15466K, committed 15744K, reserved 1062912K
  class space    used 2008K, capacity 2082K, committed 2176K, reserved 1048576K
Event: 62.803 GC heap after
Heap after GC invocations=4 (full 0):
 PSYoungGen      total 76288K, used 10729K [0x000000076ab00000, 0x0000000770000000, 0x00000007c0000000)
  eden space 65536K, 0% used [0x000000076ab00000,0x000000076ab00000,0x000000076eb00000)
  from space 10752K, 99% used [0x000000076f580000,0x000000076fffa550,0x0000000770000000)
  to   space 10752K, 0% used [0x000000076eb00000,0x000000076eb00000,0x000000076f580000)
 ParOldGen       total 175104K, used 38798K [0x00000006c0000000, 0x00000006cab00000, 0x000000076ab00000)
  object space 175104K, 22% used [0x00000006c0000000,0x00000006c25e3960,0x00000006cab00000)
 Metaspace       used 15078K, capacity 15466K, committed 15744K, reserved 1062912K
  class space    used 2008K, capacity 2082K, committed 2176K, reserved 1048576K
}
Event: 64.406 GC heap before
{Heap before GC invocations=5 (full 0):
 PSYoungGen      total 76288K, used 76265K [0x000000076ab00000, 0x0000000770000000, 0x00000007c0000000)
  eden space 65536K, 100% used [0x000000076ab00000,0x000000076eb00000,0x000000076eb00000)
  from space 10752K, 99% used [0x000000076f580000,0x000000076fffa550,0x0000000770000000)
  to   space 10752K, 0% used [0x000000076eb00000,0x000000076eb00000,0x000000076f580000)
 ParOldGen       total 175104K, used 38798K [0x00000006c0000000, 0x00000006cab00000, 0x000000076ab00000)
  object space 175104K, 22% used [0x00000006c0000000,0x00000006c25e3960,0x00000006cab00000)
 Metaspace       used 15249K, capacity 15642K, committed 16000K, reserved 1062912K
  class space    used 2013K, capacity 2090K, committed 2176K, reserved 1048576K
Event: 64.429 GC heap after
Heap after GC invocations=5 (full 0):
 PSYoungGen      total 74752K, used 10745K [0x000000076ab00000, 0x0000000774980000, 0x00000007c0000000)
  eden space 64000K, 0% used [0x000000076ab00000,0x000000076ab00000,0x000000076e980000)
  from space 10752K, 99% used [0x000000076eb00000,0x000000076f57e740,0x000000076f580000)
  to   space 49152K, 0% used [0x0000000771980000,0x0000000771980000,0x0000000774980000)
 ParOldGen       total 175104K, used 68821K [0x00000006c0000000, 0x00000006cab00000, 0x000000076ab00000)
  object space 175104K, 39% used [0x00000006c0000000,0x00000006c4335538,0x00000006cab00000)
 Metaspace       used 15249K, capacity 15642K, committed 16000K, reserved 1062912K
  class space    used 2013K, capacity 2090K, committed 2176K, reserved 1048576K
}

